
/home/runner/work/exp-flow-parallel-pipes-iitb/exp-flow-parallel-pipes-iitb/experiment/simulation/common_libraries/js/ts_components/collapse_step.js
   1:10  warning  'show_step' is defined but never used                 no-unused-vars
   2:5   warning  '$' is not defined                                    no-undef
   3:9   warning  '$' is not defined                                    no-undef
   6:10  warning  'hide_step' is defined but never used                 no-unused-vars
   7:5   warning  '$' is not defined                                    no-undef
   8:9   warning  '$' is not defined                                    no-undef
  11:10  warning  'get_collapse_btn_text' is defined but never used     no-unused-vars
  20:10  warning  'get_collapse_btn_element' is defined but never used  no-unused-vars
  29:10  warning  'hide_all_steps' is defined but never used            no-unused-vars
  31:9   warning  '$' is not defined                                    no-undef

/home/runner/work/exp-flow-parallel-pipes-iitb/exp-flow-parallel-pipes-iitb/experiment/simulation/common_libraries/js/ts_components/matrix.js
   27:26  warning  'MathJax' is not defined                                no-undef
   32:7   warning  'Matrix_Without_String' is defined but never used       no-unused-vars
   52:26  warning  'MathJax' is not defined                                no-undef
   56:10  warning  'get_matrix_html' is defined but never used             no-unused-vars
   87:13  warning  'row_html' is assigned a value but never used           no-unused-vars
   99:10  warning  'get_matrix_html_with_title' is defined but never used  no-unused-vars
  131:13  warning  'row_html' is assigned a value but never used           no-unused-vars
  143:10  warning  'convert_2d_to_1d_vector' is defined but never used     no-unused-vars
  156:10  warning  'convert_1d_to_2d_matrix' is defined but never used     no-unused-vars

/home/runner/work/exp-flow-parallel-pipes-iitb/exp-flow-parallel-pipes-iitb/experiment/simulation/common_libraries/js/ts_components/pannel.js
  8:7  warning  'Pannel' is defined but never used  no-unused-vars

/home/runner/work/exp-flow-parallel-pipes-iitb/exp-flow-parallel-pipes-iitb/experiment/simulation/common_libraries/js/ts_components/questions.js
   6:17  warning  'op1' is assigned a value but never used      no-unused-vars
   7:17  warning  'op2' is assigned a value but never used      no-unused-vars
   8:17  warning  'op3' is assigned a value but never used      no-unused-vars
   9:17  warning  'op4' is assigned a value but never used      no-unused-vars
  94:7   warning  'Question_Options' is defined but never used  no-unused-vars

/home/runner/work/exp-flow-parallel-pipes-iitb/exp-flow-parallel-pipes-iitb/experiment/simulation/common_libraries/js/ts_components/tables.js
   19:22  warning  'verify_values' is not defined                                     no-undef
  137:22  warning  'verify_values' is not defined                                     no-undef
  260:7   warning  'Verify_Rows_Cols_6_decimal_places' is defined but never used      no-unused-vars
  311:22  warning  'verify_values' is not defined                                     no-undef
  416:7   warning  'Verify_Rows_Cols_Custom_Fixed_Update1' is defined but never used  no-unused-vars
  468:7   warning  'Show_Table_Custom_Fixed' is defined but never used                no-unused-vars
  506:7   warning  'Verify_Rows_Cols_Strings' is defined but never used               no-unused-vars
  527:22  warning  'verify_values' is not defined                                     no-undef
  663:7   warning  'Display_Table' is defined but never used                          no-unused-vars

/home/runner/work/exp-flow-parallel-pipes-iitb/exp-flow-parallel-pipes-iitb/experiment/simulation/common_libraries/js/ts_math_library/general_math_functions.js
    1:10  warning  'verify_values' is defined but never used                   no-unused-vars
   17:10  warning  'random1' is defined but never used                         no-unused-vars
   21:10  warning  'std_deviation' is defined but never used                   no-unused-vars
   26:10  warning  'gauss' is defined but never used                           no-unused-vars
   56:10  warning  'hide_panel' is defined but never used                      no-unused-vars
   63:10  warning  'inverse_matrix' is defined but never used                  no-unused-vars
   96:10  warning  'matrix_multiplication' is defined but never used           no-unused-vars
  113:10  warning  'transpose_matrix' is defined but never used                no-unused-vars
  123:10  warning  'matrix_multiplication_8decimal' is defined but never used  no-unused-vars
  140:10  warning  'adjoint_2x2_matrix' is defined but never used              no-unused-vars
  145:10  warning  'find_deteminant' is defined but never used                 no-unused-vars
  174:10  warning  'get_Submatrix' is defined but never used                   no-unused-vars

/home/runner/work/exp-flow-parallel-pipes-iitb/exp-flow-parallel-pipes-iitb/experiment/simulation/common_libraries/js/ts_math_library/regression.js
   1:10  warning  'regression_linear' is defined but never used            no-unused-vars
  18:10  warning  'regression_linear_1variable' is defined but never used  no-unused-vars
  27:10  warning  'regression_linear_2variable' is defined but never used  no-unused-vars
  52:11  warning  'gauss' is not defined                                   no-undef

/home/runner/work/exp-flow-parallel-pipes-iitb/exp-flow-parallel-pipes-iitb/experiment/simulation/common_libraries/math.ob.js
  1:745  warning  'b' is already defined  no-redeclare

/home/runner/work/exp-flow-parallel-pipes-iitb/exp-flow-parallel-pipes-iitb/experiment/simulation/js/activity1.js
   14:9    warning  'MathJax' is not defined                        no-undef
   18:10   warning  'start_act1' is defined but never used          no-unused-vars
   23:20   warning  'get_collapse_btn_text' is not defined          no-undef
   31:47   warning  'd1' is not defined                             no-undef
   31:70   warning  'L' is not defined                              no-undef
   31:138  warning  'H' is not defined                              no-undef
   37:62   warning  'd1' is not defined                             no-undef
   37:97   warning  'L2' is not defined                             no-undef
   37:128  warning  'L2' is not defined                             no-undef
   40:74   warning  'f' is not defined                              no-undef
   66:5    warning  'hide_all_steps' is not defined                 no-undef
   68:9    warning  'MathJax' is not defined                        no-undef
   71:9    warning  'show_step' is not defined                      no-undef
   75:5    warning  'd1' is not defined                             no-undef
   75:10   warning  'random1' is not defined                        no-undef
   76:5    warning  'L' is not defined                              no-undef
   76:9    warning  'random1' is not defined                        no-undef
   77:5    warning  'H' is not defined                              no-undef
   77:9    warning  'random1' is not defined                        no-undef
   78:5    warning  'd2' is not defined                             no-undef
   78:10   warning  'd1' is not defined                             no-undef
   79:5    warning  'L2' is not defined                             no-undef
   79:10   warning  'random1' is not defined                        no-undef
   80:5    warning  'v' is not defined                              no-undef
   80:31   warning  'H' is not defined                              no-undef
   80:39   warning  'g' is not defined                              no-undef
   80:44   warning  'd1' is not defined                             no-undef
   80:62   warning  'f' is not defined                              no-undef
   80:66   warning  'L' is not defined                              no-undef
   81:5    warning  'A' is not defined                              no-undef
   81:47   warning  'd1' is not defined                             no-undef
   82:5    warning  'Q_ms' is not defined                           no-undef
   82:24   warning  'A' is not defined                              no-undef
   82:28   warning  'v' is not defined                              no-undef
   83:5    warning  'Q_ls' is not defined                           no-undef
   83:12   warning  'Q_ms' is not defined                           no-undef
   84:5    warning  'd3' is not defined                             no-undef
   84:10   warning  'd1' is not defined                             no-undef
   85:5    warning  'L3' is not defined                             no-undef
   85:10   warning  'L2' is not defined                             no-undef
   86:5    warning  'L1' is not defined                             no-undef
   86:10   warning  'L' is not defined                              no-undef
   86:14   warning  'L2' is not defined                             no-undef
   87:5    warning  'A1' is not defined                             no-undef
   87:48   warning  'd1' is not defined                             no-undef
   88:5    warning  'A2' is not defined                             no-undef
   88:48   warning  'd2' is not defined                             no-undef
   89:5    warning  'r' is not defined                              no-undef
   89:9    warning  'A1' is not defined                             no-undef
   89:19   warning  'A2' is not defined                             no-undef
   91:5    warning  'v1' is not defined                             no-undef
   91:34   warning  'H' is not defined                              no-undef
   91:42   warning  'g' is not defined                              no-undef
   91:52   warning  'f' is not defined                              no-undef
   92:15   warning  'L1' is not defined                             no-undef
   92:21   warning  'd1' is not defined                             no-undef
   92:34   warning  'L2' is not defined                             no-undef
   92:48   warning  'r' is not defined                              no-undef
   92:58   warning  'd2' is not defined                             no-undef
   93:5    warning  'Q1' is not defined                             no-undef
   93:22   warning  'A1' is not defined                             no-undef
   93:27   warning  'v1' is not defined                             no-undef
   94:5    warning  'increase_Q_ms' is not defined                  no-undef
   94:33   warning  'Q1' is not defined                             no-undef
   94:38   warning  'Q_ms' is not defined                           no-undef
   95:5    warning  'increase_Q_ls' is not defined                  no-undef
   95:21   warning  'increase_Q_ms' is not defined                  no-undef
   96:23   warning  'd1' is not defined                             no-undef
   97:22   warning  'L' is not defined                              no-undef
   98:22   warning  'H' is not defined                              no-undef
   99:23   warning  'd2' is not defined                             no-undef
  100:23   warning  'L2' is not defined                             no-undef
  101:22   warning  'v' is not defined                              no-undef
  102:22   warning  'A' is not defined                              no-undef
  103:25   warning  'Q_ms' is not defined                           no-undef
  104:25   warning  'Q_ls' is not defined                           no-undef
  105:23   warning  'd3' is not defined                             no-undef
  106:23   warning  'L1' is not defined                             no-undef
  107:23   warning  'A1' is not defined                             no-undef
  108:23   warning  'A2' is not defined                             no-undef
  109:22   warning  'r' is not defined                              no-undef
  110:23   warning  'v1' is not defined                             no-undef
  111:23   warning  'Q1' is not defined                             no-undef
  112:34   warning  'increase_Q_ms' is not defined                  no-undef
  113:34   warning  'increase_Q_ls' is not defined                  no-undef
  115:10   warning  'verify_v' is defined but never used            no-unused-vars
  117:17   warning  'v' is not defined                              no-undef
  118:10   warning  'verify_values' is not defined                  no-undef
  118:49   warning  'v' is not defined                              no-undef
  133:21   warning  'v' is not defined                              no-undef
  151:9    warning  'MathJax' is not defined                        no-undef
  154:10   warning  'act1_verify_A' is defined but never used       no-unused-vars
  156:17   warning  'A' is not defined                              no-undef
  157:10   warning  'verify_values' is not defined                  no-undef
  157:49   warning  'A' is not defined                              no-undef
  172:69   warning  'A' is not defined                              no-undef
  201:9    warning  'MathJax' is not defined                        no-undef
  204:10   warning  'act1_verify_Q' is defined but never used       no-unused-vars
  207:17   warning  'Q_ms' is not defined                           no-undef
  207:23   warning  'Q_ls' is not defined                           no-undef
  208:10   warning  'verify_values' is not defined                  no-undef
  208:52   warning  'Q_ms' is not defined                           no-undef
  217:10   warning  'verify_values' is not defined                  no-undef
  217:52   warning  'Q_ls' is not defined                           no-undef
  232:23   warning  'Q_ms' is not defined                           no-undef
  233:23   warning  'Q_ls' is not defined                           no-undef
  240:32   warning  'd1' is not defined                             no-undef
  241:26   warning  'L2' is not defined                             no-undef
  242:30   warning  'L1' is not defined                             no-undef
  278:9    warning  'MathJax' is not defined                        no-undef
  281:10   warning  'act1_verify_A1_A2' is defined but never used   no-unused-vars
  284:17   warning  'A1' is not defined                             no-undef
  284:21   warning  'A2' is not defined                             no-undef
  285:10   warning  'verify_values' is not defined                  no-undef
  285:50   warning  'A1' is not defined                             no-undef
  294:10   warning  'verify_values' is not defined                  no-undef
  294:50   warning  'A2' is not defined                             no-undef
  309:71   warning  'A1' is not defined                             no-undef
  310:71   warning  'A2' is not defined                             no-undef
  315:12   warning  Unnecessary escape character: \∴                no-useless-escape
  336:9    warning  'MathJax' is not defined                        no-undef
  339:10   warning  'act1_verify_v1' is defined but never used      no-unused-vars
  341:17   warning  'v1' is not defined                             no-undef
  342:10   warning  'verify_values' is not defined                  no-undef
  342:50   warning  'v1' is not defined                             no-undef
  357:20   warning  'v1' is not defined                             no-undef
  376:9    warning  'MathJax' is not defined                        no-undef
  379:10   warning  'act1_verify_Q1' is defined but never used      no-unused-vars
  381:17   warning  'Q1' is not defined                             no-undef
  382:10   warning  'verify_values' is not defined                  no-undef
  382:50   warning  'Q1' is not defined                             no-undef
  397:29   warning  'Q1' is not defined                             no-undef
  424:9    warning  'MathJax' is not defined                        no-undef
  427:10   warning  'act1_verify_inc_Q' is defined but never used   no-unused-vars
  430:17   warning  'increase_Q_ms' is not defined                  no-undef
  430:32   warning  'increase_Q_ls' is not defined                  no-undef
  431:10   warning  'verify_values' is not defined                  no-undef
  431:56   warning  'increase_Q_ms' is not defined                  no-undef
  440:10   warning  'verify_values' is not defined                  no-undef
  440:56   warning  'increase_Q_ls' is not defined                  no-undef
  455:24   warning  'increase_Q_ms' is not defined                  no-undef
  456:24   warning  'increase_Q_ls' is not defined                  no-undef
  463:9    warning  'MathJax' is not defined                        no-undef
  466:10   warning  'activity_completed' is defined but never used  no-unused-vars

/home/runner/work/exp-flow-parallel-pipes-iitb/exp-flow-parallel-pipes-iitb/experiment/simulation/js/data.js
   1:5  warning  'g' is assigned a value but never used     no-unused-vars
   4:5  warning  'H' is assigned a value but never used     no-unused-vars
   5:5  warning  'd2' is assigned a value but never used    no-unused-vars
   7:5  warning  'f' is assigned a value but never used     no-unused-vars
   8:5  warning  'v' is defined but never used              no-unused-vars
   9:5  warning  'A' is defined but never used              no-unused-vars
  10:5  warning  'Q_ms' is defined but never used           no-unused-vars
  11:5  warning  'Q_ls' is defined but never used           no-unused-vars
  12:5  warning  'd3' is assigned a value but never used    no-unused-vars
  13:5  warning  'L3' is assigned a value but never used    no-unused-vars
  14:5  warning  'L1' is assigned a value but never used    no-unused-vars
  15:5  warning  'A1' is defined but never used             no-unused-vars
  16:5  warning  'A2' is defined but never used             no-unused-vars
  17:5  warning  'Q1' is defined but never used             no-unused-vars
  18:5  warning  'increase_Q_ms' is defined but never used  no-unused-vars
  19:5  warning  'increase_Q_ls' is defined but never used  no-unused-vars
  20:5  warning  'r' is defined but never used              no-unused-vars
  21:5  warning  'v2' is defined but never used             no-unused-vars
  22:5  warning  'v1' is defined but never used             no-unused-vars

/home/runner/work/exp-flow-parallel-pipes-iitb/exp-flow-parallel-pipes-iitb/experiment/simulation/js/gauss_ele.js
  42:10  warning  'gauss_ele' is defined but never used  no-unused-vars

/home/runner/work/exp-flow-parallel-pipes-iitb/exp-flow-parallel-pipes-iitb/experiment/simulation/js/screen_size.js
  1:10  warning  'set_screen_size' is defined but never used  no-unused-vars

/home/runner/work/exp-flow-parallel-pipes-iitb/exp-flow-parallel-pipes-iitb/experiment/simulation/js/trap.js
   4:10  warning  'generate_data' is defined but never used  no-unused-vars
  13:10  warning  'trap' is defined but never used           no-unused-vars
  21:10  warning  'sim1by3' is defined but never used        no-unused-vars
  29:10  warning  'sim3by8' is defined but never used        no-unused-vars

✖ 220 problems (0 errors, 220 warnings)

